<?xml version="1.0" encoding="UTF-8"?>
<!-- Generated by org.testng.reporters.JUnitXMLReporter -->
<testsuite ignored="0" hostname="amandadeMacBook-Pro.local" failures="0" tests="7" name="MagicMouse - QA" time="25.458" errors="0" timestamp="02 Dec 2017 07:48:37 GMT">
  <testcase classname="test.TestNG" name="launchSite" time="3.006"/>
  <testcase classname="test.TestNG" name="selectAccessories" time="3.16"/>
  <testcase classname="test.TestNG" name="addMagicMouseToCart" time="0.087"/>
  <testcase classname="test.TestNG" name="checkoutAndConfirmMagicMouse" time="3.817"/>
  <testcase classname="test.TestNG" name="clickOnContinue" time="0.147"/>
  <testcase classname="test.TestNG" name="enterBillDataAndPurchase" time="15.216"/>
  <testcase classname="test.TestNG" name="confirmOrder" time="0.002"/>
</testsuite> <!-- MagicMouse - QA -->
